============================= test session starts =============================
platform win32 -- Python 3.11.9, pytest-9.0.2, pluggy-1.6.0 -- C:\Project\AlphaMesh\venv\Scripts\python.exe
cachedir: .pytest_cache
rootdir: C:\Project\AlphaMesh
plugins: anyio-4.12.1, langsmith-0.7.6, asyncio-1.3.0
asyncio: mode=Mode.STRICT, debug=False, asyncio_default_fixture_loop_scope=None, asyncio_default_test_loop_scope=function
collecting ... collected 9 items

test/test_thesis_models.py::test_models_rebuild_successfully PASSED      [ 11%]
test/test_thesis_models.py::test_investment_thesis_init PASSED           [ 22%]
test/test_thesis_models.py::test_create_thesis FAILED                    [ 33%]
test/test_thesis_models.py::test_add_supporting_evidence FAILED          [ 44%]
test/test_thesis_models.py::test_evaluate_thesis_scope_append FAILED     [ 55%]
test/test_thesis_models.py::test_evaluate_thesis_scope_fork FAILED       [ 66%]
test/test_thesis_models.py::test_adjust_edge_property_not_found PASSED   [ 77%]
test/test_thesis_models.py::test_adjust_edge_property_success_clamp FAILED [ 88%]
test/test_thesis_models.py::test_adjust_edge_property_state_trigger FAILED [100%]

================================== FAILURES ===================================
_____________________________ test_create_thesis ______________________________

    @pytest.mark.asyncio
    async def test_create_thesis():
        company = Company(id=uuid4(), ticker="NVDA", name="Nvidia", target_nodeset=NodeSetTarget.GLOBAL)
        mock_nodeset = MagicMock(name="USER_123")
    
        with patch("core.memory.thesis_manager.add_data_points", new_callable=AsyncMock) as mock_add:
>           thesis = await create_thesis(
                user_email="test@test.com",
                summary="AI demand",
                target_nodes=[company],
                target_nodeset_obj=mock_nodeset,
                conviction=0.8
            )

test\test_thesis_models.py:67: 
_ _ _ _ _ _ _ _ _ _ _ _ _ _ _ _ _ _ _ _ _ _ _ _ _ _ _ _ _ _ _ _ _ _ _ _ _ _ _ _
core\memory\thesis_manager.py:52: in create_thesis
    thesis = InvestmentThesis(
_ _ _ _ _ _ _ _ _ _ _ _ _ _ _ _ _ _ _ _ _ _ _ _ _ _ _ _ _ _ _ _ _ _ _ _ _ _ _ _

self = InvestmentThesis()
data = {'belongs_to_set': [<MagicMock name='USER_123' id='2138400198160'>], 'created_at': datetime.datetime(2026, 2, 26, 9, 5...time.timezone.utc), 'id': UUID('b1c90bb1-2c34-4ee2-9eac-cc72e9cc817a'), 'status': <ThesisStatus.ACTIVE: 'Active'>, ...}

    def __init__(self, **data):
>       super().__init__(**data)
E       pydantic_core._pydantic_core.ValidationError: 3 validation errors for InvestmentThesis
E       belongs_to_set.0
E         Input should be a valid dictionary or instance of DataPoint [type=model_type, input_value=<MagicMock name='USER_123' id='2138400198160'>, input_type=MagicMock]
E           For further information visit https://errors.pydantic.dev/2.11/v/model_type
E       name
E         Field required [type=missing, input_value={'id': UUID('b1c90bb1-2c3...3' id='2138400198160'>]}, input_type=dict]
E           For further information visit https://errors.pydantic.dev/2.11/v/missing
E       description
E         Field required [type=missing, input_value={'id': UUID('b1c90bb1-2c3...3' id='2138400198160'>]}, input_type=dict]
E           For further information visit https://errors.pydantic.dev/2.11/v/missing

venv\Lib\site-packages\cognee\infrastructure\engine\models\DataPoint.py:54: ValidationError
----------------------------- Captured log setup ------------------------------
DEBUG    asyncio:proactor_events.py:633 Using proactor: IocpProactor
DEBUG    asyncio:proactor_events.py:633 Using proactor: IocpProactor
________________________ test_add_supporting_evidence _________________________

    @pytest.mark.asyncio
    async def test_add_supporting_evidence():
        thesis = InvestmentThesis(
            id=uuid4(), name="Test Thesis", description="AI", thesis_id="test", summary="AI", status=ThesisStatus.ACTIVE,
            created_at="2026-02-26T12:00:00Z", target_nodeset=NodeSetTarget.USER
        )
>       event = GlobalEvent(id=uuid4(), headline="Subsidies", summary="US funds", date="2026", target_nodeset=NodeSetTarget.GLOBAL)
                ^^^^^^^^^^^^^^^^^^^^^^^^^^^^^^^^^^^^^^^^^^^^^^^^^^^^^^^^^^^^^^^^^^^^^^^^^^^^^^^^^^^^^^^^^^^^^^^^^^^^^^^^^^^^^^^^^^^

test\test_thesis_models.py:96: 
_ _ _ _ _ _ _ _ _ _ _ _ _ _ _ _ _ _ _ _ _ _ _ _ _ _ _ _ _ _ _ _ _ _ _ _ _ _ _ _

self = GlobalEvent()
data = {'date': '2026', 'headline': 'Subsidies', 'id': UUID('26d3da7d-f4d6-4a14-8e97-21d33e02a3e0'), 'summary': 'US funds', ...}

    def __init__(self, **data):
>       super().__init__(**data)
E       pydantic_core._pydantic_core.ValidationError: 2 validation errors for GlobalEvent
E       name
E         Field required [type=missing, input_value={'id': UUID('26d3da7d-f4d...arget.GLOBAL: 'GLOBAL'>}, input_type=dict]
E           For further information visit https://errors.pydantic.dev/2.11/v/missing
E       description
E         Field required [type=missing, input_value={'id': UUID('26d3da7d-f4d...arget.GLOBAL: 'GLOBAL'>}, input_type=dict]
E           For further information visit https://errors.pydantic.dev/2.11/v/missing

venv\Lib\site-packages\cognee\infrastructure\engine\models\DataPoint.py:54: ValidationError
----------------------------- Captured log setup ------------------------------
DEBUG    asyncio:proactor_events.py:633 Using proactor: IocpProactor
______________________ test_evaluate_thesis_scope_append ______________________

    @pytest.mark.asyncio
    async def test_evaluate_thesis_scope_append():
        thesis = InvestmentThesis(
            id=uuid4(), name="Test Thesis", description="AI infra", thesis_id="test", summary="AI infra", status=ThesisStatus.ACTIVE,
            created_at="2026-02-26T12:00:00Z", target_nodeset=NodeSetTarget.USER, targets=[]
        )
        company = Company(id=uuid4(), ticker="AMD", name="AMD")
    
        async def mock_sim_fn(a, b): return 0.85  # High similarity
    
        with patch("core.memory.thesis_manager.add_data_points", new_callable=AsyncMock):
>           action, res_thesis = await evaluate_thesis_scope(
                user_email="test@test.com",
                new_target_node=company,
                new_reasoning="Also an AI chip maker",
                existing_thesis=thesis,
                target_nodeset_obj=MagicMock(),
                similarity_fn=mock_sim_fn,
                similarity_threshold=0.65
            )

test\test_thesis_models.py:118: 
_ _ _ _ _ _ _ _ _ _ _ _ _ _ _ _ _ _ _ _ _ _ _ _ _ _ _ _ _ _ _ _ _ _ _ _ _ _ _ _

user_email = 'test@test.com'
new_target_node = Company(id=UUID('ba0b06ba-057c-454e-aae8-90e143a42f0b'), created_at=1772099661271, updated_at=1772099661271, ontology_...=None, target_nodeset=None, ticker='AMD', sector=None, industry=None, exchange=None, market_cap_usd=None, country=None)
new_reasoning = 'Also an AI chip maker'
existing_thesis = InvestmentThesis(id=UUID('d64e301f-d6da-4cb4-b14d-1689d757aee6'), created_at=datetime.datetime(2026, 2, 26, 12, 0, tzi...s_id='test', summary='AI infra', status=<ThesisStatus.ACTIVE: 'Active'>, targets=[], supported_by=[], threatened_by=[])
target_nodeset_obj = <MagicMock id='2138404661392'>
similarity_fn = <function test_evaluate_thesis_scope_append.<locals>.mock_sim_fn at 0x000001F1E2FE0C20>
similarity_threshold = 0.65

    async def evaluate_thesis_scope(
        user_email: str,
        new_target_node: Union[Company, Sector],
        new_reasoning: str,
        existing_thesis: InvestmentThesis,
        target_nodeset_obj: DataPoint,
        similarity_fn: callable,
        similarity_threshold: float = 0.65,
    ) -> Tuple[Literal["appended", "forked"], InvestmentThesis]:
        """
        Anti-bloat logic: decide whether to append a new target to an existing thesis,
        or to fork/split into a brand new thesis based on semantic similarity of the reasoning.
    
        Args:
            user_email:           Email of the user.
            new_target_node:      The new Company or Sector being considered.
            new_reasoning:        The user's stated reason for this new target.
            existing_thesis:      The current thesis we might append to.
            target_nodeset_obj:   The user's mapped NodeSet DataPoint object.
            similarity_fn:        Async function f(str1, str2) -> float returning semantic similarity [0, 1].
            similarity_threshold: Minimum similarity to append rather than fork.
    
        Returns:
            A tuple of (action, resulting_thesis_node).
        """
        # 1. Compare the new reason against the existing thesis summary
        similarity = await similarity_fn(new_reasoning, existing_thesis.summary)
    
        # 2. Decide based on threshold
        if similarity >= similarity_threshold:
            # Append to existing
            if existing_thesis.targets is None:
                existing_thesis.targets = []
    
>           edge = Edge(
                new_target_node,
                relationship_name="targets",
                created_by=user_email
            )
E           TypeError: BaseModel.__init__() takes 1 positional argument but 2 were given

core\memory\thesis_manager.py:153: TypeError
----------------------------- Captured log setup ------------------------------
DEBUG    asyncio:proactor_events.py:633 Using proactor: IocpProactor
_______________________ test_evaluate_thesis_scope_fork _______________________

    @pytest.mark.asyncio
    async def test_evaluate_thesis_scope_fork():
        thesis = InvestmentThesis(
            id=uuid4(), name="Test Thesis", description="AI infra", thesis_id="test", summary="AI infra", status=ThesisStatus.ACTIVE,
            created_at="2026-02-26T12:00:00Z", target_nodeset=NodeSetTarget.USER
        )
        company = Company(id=uuid4(), ticker="AAPL", name="Apple")
    
        async def mock_sim_fn(a, b): return 0.20  # Low similarity
    
        with patch("core.memory.thesis_manager.add_data_points", new_callable=AsyncMock):
>           action, res_thesis = await evaluate_thesis_scope(
                user_email="test@test.com",
                new_target_node=company,
                new_reasoning="Consumer AR glasses",
                existing_thesis=thesis,
                target_nodeset_obj=MagicMock(),
                similarity_fn=mock_sim_fn,
                similarity_threshold=0.65
            )

test\test_thesis_models.py:144: 
_ _ _ _ _ _ _ _ _ _ _ _ _ _ _ _ _ _ _ _ _ _ _ _ _ _ _ _ _ _ _ _ _ _ _ _ _ _ _ _
core\memory\thesis_manager.py:169: in evaluate_thesis_scope
    new_thesis = await create_thesis(
core\memory\thesis_manager.py:52: in create_thesis
    thesis = InvestmentThesis(
_ _ _ _ _ _ _ _ _ _ _ _ _ _ _ _ _ _ _ _ _ _ _ _ _ _ _ _ _ _ _ _ _ _ _ _ _ _ _ _

self = InvestmentThesis()
data = {'belongs_to_set': [<MagicMock id='2138407379600'>], 'created_at': datetime.datetime(2026, 2, 26, 9, 54, 21, 285077, t...time.timezone.utc), 'id': UUID('b111d772-adab-4a41-9dce-f7b28a9310ce'), 'status': <ThesisStatus.ACTIVE: 'Active'>, ...}

    def __init__(self, **data):
>       super().__init__(**data)
E       pydantic_core._pydantic_core.ValidationError: 3 validation errors for InvestmentThesis
E       belongs_to_set.0
E         Input should be a valid dictionary or instance of DataPoint [type=model_type, input_value=<MagicMock id='2138407379600'>, input_type=MagicMock]
E           For further information visit https://errors.pydantic.dev/2.11/v/model_type
E       name
E         Field required [type=missing, input_value={'id': UUID('b111d772-ada...ck id='2138407379600'>]}, input_type=dict]
E           For further information visit https://errors.pydantic.dev/2.11/v/missing
E       description
E         Field required [type=missing, input_value={'id': UUID('b111d772-ada...ck id='2138407379600'>]}, input_type=dict]
E           For further information visit https://errors.pydantic.dev/2.11/v/missing

venv\Lib\site-packages\cognee\infrastructure\engine\models\DataPoint.py:54: ValidationError
----------------------------- Captured log setup ------------------------------
DEBUG    asyncio:proactor_events.py:633 Using proactor: IocpProactor
___________________ test_adjust_edge_property_success_clamp ___________________

    @pytest.mark.asyncio
    async def test_adjust_edge_property_success_clamp():
        src = uuid4()
        dst = uuid4()
    
        mock_engine = MagicMock()
        # Mocking get_edges return format (src, dst, rel, props)
        mock_edges = [
            (str(src), str(dst), "holds_thesis", {"conviction_level": 0.5})
        ]
        mock_engine.get_edges = AsyncMock(return_value=mock_edges)
        mock_engine.add_edge = AsyncMock()
    
        with patch("core.memory.memory_weights.get_graph_engine", return_value=mock_engine):
            # 0.5 + 0.6 = 1.1 -> clamped to 1.0 (default max_val)
            val = await adjust_edge_property(src, dst, "holds_thesis", "conviction_level", 0.6)
    
>           assert val == 1.0
E           assert 0.0 == 1.0

test\test_thesis_models.py:191: AssertionError
----------------------------- Captured log setup ------------------------------
DEBUG    asyncio:proactor_events.py:633 Using proactor: IocpProactor
---------------------------- Captured stderr call -----------------------------

[1mFailed to fetch edges for source ab6580b3-9e18-4fae-a2eb-5010321edc10: 'coroutine' object has no attribute 'get_edges'[0m
------------------------------ Captured log call ------------------------------
ERROR    core.memory.memory_weights:memory_weights.py:66 Failed to fetch edges for source ab6580b3-9e18-4fae-a2eb-5010321edc10: 'coroutine' object has no attribute 'get_edges'
___________________ test_adjust_edge_property_state_trigger ___________________

    @pytest.mark.asyncio
    async def test_adjust_edge_property_state_trigger():
        src = uuid4()
        dst = uuid4()
        mock_engine = MagicMock()
        mock_edges = [(str(src), str(dst), "holds_thesis", {"conviction_level": 0.3})]
        mock_engine.get_edges = AsyncMock(return_value=mock_edges)
        mock_engine.add_edge = AsyncMock()
    
        trigger_called = False
    
        async def trap_callback(new_v):
            nonlocal trigger_called
            trigger_called = True
    
        with patch("core.memory.memory_weights.get_graph_engine", return_value=mock_engine):
            # 0.3 - 0.25 = 0.05
            # It crosses the 0.1 threshold downwards, should trigger callback
            val = await adjust_edge_property(
                src, dst, "holds_thesis", "conviction_level",
                delta=-0.25,
                state_triggers={0.1: trap_callback}
            )
    
>           assert val == 0.05
E           assert 0.0 == 0.05

test\test_thesis_models.py:223: AssertionError
----------------------------- Captured log setup ------------------------------
DEBUG    asyncio:proactor_events.py:633 Using proactor: IocpProactor
---------------------------- Captured stderr call -----------------------------

[1mFailed to fetch edges for source 3bd4e2e2-b60f-459d-b02d-a45efadd2154: 'coroutine' object has no attribute 'get_edges'[0m
------------------------------ Captured log call ------------------------------
ERROR    core.memory.memory_weights:memory_weights.py:66 Failed to fetch edges for source 3bd4e2e2-b60f-459d-b02d-a45efadd2154: 'coroutine' object has no attribute 'get_edges'
============================== warnings summary ===============================
venv\Lib\site-packages\pydantic\fields.py:1093
  C:\Project\AlphaMesh\venv\Lib\site-packages\pydantic\fields.py:1093: PydanticDeprecatedSince20: Using extra keyword arguments on `Field` is deprecated and will be removed. Use `json_schema_extra` instead. (Extra keys: 'env'). Deprecated in Pydantic V2.0 to be removed in V3.0. See Pydantic V2 Migration Guide at https://errors.pydantic.dev/2.11/migration/
    warn(

venv\Lib\site-packages\pydantic\_internal\_generate_schema.py:298
venv\Lib\site-packages\pydantic\_internal\_generate_schema.py:298
venv\Lib\site-packages\pydantic\_internal\_generate_schema.py:298
venv\Lib\site-packages\pydantic\_internal\_generate_schema.py:298
venv\Lib\site-packages\pydantic\_internal\_generate_schema.py:298
venv\Lib\site-packages\pydantic\_internal\_generate_schema.py:298
  C:\Project\AlphaMesh\venv\Lib\site-packages\pydantic\_internal\_generate_schema.py:298: PydanticDeprecatedSince20: `json_encoders` is deprecated. See https://docs.pydantic.dev/2.11/concepts/serialization/#custom-serializers for alternatives. Deprecated in Pydantic V2.0 to be removed in V3.0. See Pydantic V2 Migration Guide at https://errors.pydantic.dev/2.11/migration/
    warnings.warn(

test/test_thesis_models.py::test_adjust_edge_property_not_found
  c:\Project\AlphaMesh\test\test_thesis_models.py:171: RuntimeWarning: coroutine 'AsyncMockMixin._execute_mock_call' was never awaited
    val = await adjust_edge_property(uuid4(), uuid4(), "holds", "conviction", 0.1)
  Enable tracemalloc to get traceback where the object was allocated.
  See https://docs.pytest.org/en/stable/how-to/capture-warnings.html#resource-warnings for more info.

test/test_thesis_models.py::test_adjust_edge_property_success_clamp
  c:\Project\AlphaMesh\test\test_thesis_models.py:189: RuntimeWarning: coroutine 'AsyncMockMixin._execute_mock_call' was never awaited
    val = await adjust_edge_property(src, dst, "holds_thesis", "conviction_level", 0.6)
  Enable tracemalloc to get traceback where the object was allocated.
  See https://docs.pytest.org/en/stable/how-to/capture-warnings.html#resource-warnings for more info.

test/test_thesis_models.py::test_adjust_edge_property_state_trigger
  c:\Project\AlphaMesh\test\test_thesis_models.py:217: RuntimeWarning: coroutine 'AsyncMockMixin._execute_mock_call' was never awaited
    val = await adjust_edge_property(
  Enable tracemalloc to get traceback where the object was allocated.
  See https://docs.pytest.org/en/stable/how-to/capture-warnings.html#resource-warnings for more info.

-- Docs: https://docs.pytest.org/en/stable/how-to/capture-warnings.html
=========================== short test summary info ===========================
FAILED test/test_thesis_models.py::test_create_thesis - pydantic_core._pydant...
FAILED test/test_thesis_models.py::test_add_supporting_evidence - pydantic_co...
FAILED test/test_thesis_models.py::test_evaluate_thesis_scope_append - TypeEr...
FAILED test/test_thesis_models.py::test_evaluate_thesis_scope_fork - pydantic...
FAILED test/test_thesis_models.py::test_adjust_edge_property_success_clamp - ...
FAILED test/test_thesis_models.py::test_adjust_edge_property_state_trigger - ...
================== 6 failed, 3 passed, 10 warnings in 13.06s ==================
